A51 MACRO ASSEMBLER  MAIN                                                                 09/26/2022 20:32:42 PAGE     1


MACRO ASSEMBLER A51 V8.2.7.0
OBJECT MODULE PLACED IN .\Objects\main.obj
ASSEMBLER INVOKED BY: D:\Keil_v5\C51\BIN\A51.EXE main.a51 SET(SMALL) DEBUG PRINT(.\Listings\main.lst) OBJECT(.\Objects\m
                      ain.obj) EP

LOC  OBJ            LINE     SOURCE

0000                   1                     ORG 00H
0000 2100              2                     AJMP START
0100                   3                     ORG 0100H
                       4                             
0100 74FE              5     START:  MOV A,#0FEH
0102 F580              6                     MOV P0,A
0104 D200              7                     SETB 00H
                       8                     
0106 309008            9     MAIN:   JNB P1.0,K1
0109 200011           10     RUN:    JB 00H,LRUN
010C 300016           11                     JNB 00H,RRUN
010F 80F5             12                     SJMP MAIN
                      13                     
0111 12012D           14     K1:             LCALL DELAYMS
0114 309002           15                     JNB P1.0,K11
0117 80F0             16                     SJMP RUN
0119 B200             17     K11:    CPL 00H
011B 80EC             18                     SJMP RUN
                      19                     
                      20             
                      21     
                      22                     
011D 23               23     LRUN:   RL A
011E F580             24                     MOV P0,A
0120 120136           25                     LCALL DELAY
0123 80E1             26                     SJMP MAIN
                      27                     
0125 03               28     RRUN:   RR A
0126 F580             29                     MOV P0,A
0128 120136           30                     LCALL DELAY
012B 80D9             31                     SJMP MAIN
                      32                     
012D                  33     DELAYMS:
012D 7B3C             34                     MOV R3,#60
012F 7CF8             35     D0:             MOV R4,#248
0131 DCFE             36                     DJNZ R4,$
0133 DBFA             37                     DJNZ R3,D0
0135 22               38                     RET
                      39                     
0136 7D19             40     DELAY:  MOV R5,#25
0138 7E14             41     D1:     MOV R6,#20
013A 7FF8             42     D2:             MOV R7,#248
013C DFFE             43                     DJNZ R7,$
013E DEFA             44                     DJNZ R6,D2
0140 DDF6             45                     DJNZ R5,D1
0142 22               46                     RET
                      47     
                      48                     END
A51 MACRO ASSEMBLER  MAIN                                                                 09/26/2022 20:32:42 PAGE     2

SYMBOL TABLE LISTING
------ ----- -------


N A M E             T Y P E  V A L U E   ATTRIBUTES

D0 . . . . . . . .  C ADDR   012FH   A   
D1 . . . . . . . .  C ADDR   0138H   A   
D2 . . . . . . . .  C ADDR   013AH   A   
DELAY. . . . . . .  C ADDR   0136H   A   
DELAYMS. . . . . .  C ADDR   012DH   A   
K1 . . . . . . . .  C ADDR   0111H   A   
K11. . . . . . . .  C ADDR   0119H   A   
LRUN . . . . . . .  C ADDR   011DH   A   
MAIN . . . . . . .  C ADDR   0106H   A   
P0 . . . . . . . .  D ADDR   0080H   A   
P1 . . . . . . . .  D ADDR   0090H   A   
RRUN . . . . . . .  C ADDR   0125H   A   
RUN. . . . . . . .  C ADDR   0109H   A   
START. . . . . . .  C ADDR   0100H   A   


REGISTER BANK(S) USED: 0 


ASSEMBLY COMPLETE.  0 WARNING(S), 0 ERROR(S)
